<?xml version="1.0" encoding="UTF-8"?>
<!-- Generated by org.testng.reporters.JUnitReportReporter -->
<testsuite name="com.shearcircle.AppTest" tests="1" time="17.181" ignored="0" failures="0" timestamp="05 Feb 2017 05:05:30 GMT" skipped="0" hostname="LAPTOP-G6KIVIVT" errors="0">
  <testcase name="testGoogle" time="17.181" classname="com.shearcircle.AppTest"/>
</testsuite> <!-- com.shearcircle.AppTest -->
